SF:lib/logic/map_cubit/google_map_cubit.dart
DA:19,3
DA:32,0
DA:33,0
DA:36,0
DA:37,0
DA:38,0
DA:40,0
DA:41,0
DA:42,0
DA:44,0
DA:45,0
DA:50,0
DA:53,0
DA:56,1
DA:57,1
DA:60,1
DA:61,1
DA:62,1
DA:63,1
DA:65,2
DA:66,1
DA:67,3
DA:68,1
DA:69,1
DA:70,1
DA:73,1
DA:74,1
DA:75,2
DA:77,1
DA:78,1
DA:83,4
DA:87,1
DA:89,1
DA:90,1
DA:91,1
DA:93,0
DA:94,0
DA:95,0
DA:96,0
DA:97,0
DA:98,0
DA:99,0
DA:100,0
DA:101,0
DA:106,0
DA:107,0
DA:108,0
DA:109,0
DA:112,0
DA:113,0
DA:115,0
DA:116,0
DA:117,0
DA:119,0
DA:120,0
DA:125,0
DA:127,0
DA:128,0
DA:129,0
DA:132,0
DA:133,0
DA:134,0
DA:136,0
DA:137,0
DA:142,0
DA:145,0
DA:146,0
DA:148,0
DA:149,0
DA:150,0
DA:151,0
DA:152,0
DA:153,0
DA:154,0
DA:159,0
DA:160,0
DA:161,0
DA:163,0
DA:164,0
DA:165,0
DA:166,0
DA:173,0
DA:175,0
DA:176,0
DA:177,0
DA:178,0
DA:179,0
DA:180,0
DA:181,0
DA:185,0
DA:186,0
DA:187,0
DA:188,0
DA:189,0
DA:190,0
DA:191,0
DA:192,0
DA:193,0
DA:194,0
DA:195,0
DA:197,0
DA:198,0
DA:199,0
DA:201,0
DA:202,0
DA:206,1
DA:207,1
DA:208,1
DA:209,6
DA:210,2
DA:211,1
DA:212,4
DA:215,0
DA:216,0
DA:217,0
DA:218,0
DA:219,0
DA:220,0
DA:222,0
DA:223,0
DA:224,0
DA:225,0
DA:227,0
DA:228,0
DA:232,0
DA:236,1
DA:238,2
DA:239,1
LF:128
LH:33
end_of_record
SF:lib/logic/map_cubit/google_map_state.dart
DA:8,0
DA:13,1
DA:19,0
DA:26,0
LF:4
LH:1
end_of_record
SF:lib/model/place_model.dart
DA:5,0
DA:14,0
LF:2
LH:0
end_of_record
SF:lib/utils/app_string.dart
DA:32,0
LF:1
LH:0
end_of_record
SF:lib/utils/location_helper.dart
DA:5,0
DA:6,0
DA:7,0
DA:8,0
DA:9,0
DA:10,0
DA:12,0
DA:13,0
LF:8
LH:0
end_of_record
